Snapshot timestamp: : Tue Mar 19 2024 22:52:31 GMT-0700 (Pacific Daylight Time)
CSEC Agent start timestamp: Tue Mar 19 2024 21:41:57 GMT-0700 (Pacific Daylight Time) with application uuid:ba85ac8e-2a74-4511-9e83-9ace1269928f
SEC_HOME: C:\Users\tony0\Desktop\node-hello-master
Agent location: C:\Users\tony0\Desktop\node-hello-master\node_modules\@newrelic\security-agent\
Using CSEC Agent for Node.js, Node version:v20.11.1, PID:19012
Process title: Administrator: Windows PowerShell
Process binary: C:\Program Files\nodejs\node.exe
Application location: C:\Users\tony0\Desktop\node-hello-master
Current working directory: C:\Users\tony0\Desktop\node-hello-master
Agent mode: IAST
Application server: Node.js
Application Framework: 
Websocket connection to Prevent Web: wss://csec.nr-data.net, Status: OK
Instrumentation successful:
Tracking loaded modules in the application:
Policy applied successfully. Policy version is: built-in
Started Health Check for Agent
Started Inbound and Outbound monitoring 

Process stats:
processDirDiskFreeSpaceMB: 144966.31
rootDiskFreeSpaceMB: 144966.33
processHeapUsageMB: 18.2
processRssMB: 23.05
processMaxHeapMB: 19.59
systemFreeMemoryMB: 923.94
systemTotalMemoryMB: 7530.81
nCores: 12
processCpuUsage: 0.7
systemCpuLoad: 0


Service stats:
websocket: OK
logWriter: OK
initLogWriter: OK
statusLogWriter: OK
agentActiveStat: OK
iastRestClient: OK


Last 5 errors: 
[{"error":"Error: WebSocket is not open: readyState 0 (CONNECTING)\n    at WebSocket.ping (C:\\Users\\tony0\\Desktop\\node-hello-master\\node_modules\\ws\\lib\\websocket.js:361:13)\n    at C:\\Users\\tony0\\Desktop\\node-hello-master\\node_modules\\@newrelic\\security-agent\\lib\\nr-security-agent\\lib\\core\\sec-util.js:59:12\n    at new Promise (<anonymous>)\n    at C:\\Users\\tony0\\Desktop\\node-hello-master\\node_modules\\@newrelic\\security-agent\\lib\\nr-security-agent\\lib\\core\\sec-util.js:51:25\n    at SecWebSocket.pingWS (C:\\Users\\tony0\\Desktop\\node-hello-master\\node_modules\\@newrelic\\security-agent\\lib\\nr-security-agent\\lib\\core\\connections\\websocket\\websocket.js:198:59)\n    at Timeout._onTimeout (C:\\Users\\tony0\\Desktop\\node-hello-master\\node_modules\\@newrelic\\security-agent\\lib\\nr-security-agent\\lib\\core\\connections\\websocket\\websocket.js:370:14)\n    at listOnTimeout (node:internal/timers:573:17)\n    at process.processTimers (node:internal/timers:514:7)"}]

Last 5 Health Checks are:
 [{"jsonName":"LAhealthcheck","pid":19012,"applicationUUID":"ba85ac8e-2a74-4511-9e83-9ace1269928f","timestamp":1710912750333,"jsonVersion":"1.1.1","collectorType":"NODE","language":"JavaScript","framework":"","groupName":"IAST","policyVersion":"built-in","entityGuid":"NDM5NDM3M3xBUE18QVBQTElDQVRJT058NTI4NzMwMzAz","linkingMetadata":{"entity.name":"My NodeJS Application-A","entity.type":"SERVICE","hostname":"DESKTOP-6HCP5VQ","entity.guid":"NDM5NDM3M3xBUE18QVBQTElDQVRJT058NTI4NzMwMzAz","agentRunId":"BUnUUavbQTTDAEMNhR-DxKZl-mlUAAgBAAAnIQEAAEpEAgQfg8i_AwAHMTEuMTMuMAAPREVTS1RPUC02SENQNVZRABdNeSBOb2RlSlMgQXBwbGljYXRpb24tQQ"},"eventType":"sec_health_check_lc","protectedServer":"Node.js:20.11.1","eventDropCount":0,"eventProcessed":0,"eventSentCount":0,"httpRequestCount":0,"collectorVersion":"1.0.1","buildNumber":"1.0.1","iastEventStats":{"processed":0,"sent":0,"rejected":0,"errorCount":0},"raspEventStats":{"processed":0,"sent":0,"rejected":0,"errorCount":0},"exitEventStats":{"processed":0,"sent":0,"rejected":0,"errorCount":0},"stats":{"processDirDiskFreeSpaceMB":144679.56,"rootDiskFreeSpaceMB":144679.62,"processHeapUsageMB":18.27,"processRssMB":34.35,"processMaxHeapMB":19.59,"systemFreeMemoryMB":669.25,"systemTotalMemoryMB":7530.81,"nCores":12,"processCpuUsage":0.7,"systemCpuLoad":0},"serviceStatus":{"websocket":"OK","logWriter":"OK","initLogWriter":"OK","statusLogWriter":"OK","agentActiveStat":"OK","iastRestClient":"OK"},"exitEventSentCount":0,"eventRejectionCount":0,"eventProcessingErrorCount":0,"eventSendRejectionCount":0,"eventSendErrorCount":0},{"jsonName":"LAhealthcheck","pid":19012,"applicationUUID":"ba85ac8e-2a74-4511-9e83-9ace1269928f","timestamp":1710913050337,"jsonVersion":"1.1.1","collectorType":"NODE","language":"JavaScript","framework":"","groupName":"IAST","policyVersion":"built-in","entityGuid":"NDM5NDM3M3xBUE18QVBQTElDQVRJT058NTI4NzMwMzAz","linkingMetadata":{"entity.name":"My NodeJS Application-A","entity.type":"SERVICE","hostname":"DESKTOP-6HCP5VQ","entity.guid":"NDM5NDM3M3xBUE18QVBQTElDQVRJT058NTI4NzMwMzAz","agentRunId":"BUnUUavbQTTDAEMNhR-DxKZl-mlUAAgBAAAnIQEAAEpEAgQfg8i_AwAHMTEuMTMuMAAPREVTS1RPUC02SENQNVZRABdNeSBOb2RlSlMgQXBwbGljYXRpb24tQQ"},"eventType":"sec_health_check_lc","protectedServer":"Node.js:20.11.1","eventDropCount":0,"eventProcessed":0,"eventSentCount":0,"httpRequestCount":0,"collectorVersion":"1.0.1","buildNumber":"1.0.1","iastEventStats":{"processed":0,"sent":0,"rejected":0,"errorCount":0},"raspEventStats":{"processed":0,"sent":0,"rejected":0,"errorCount":0},"exitEventStats":{"processed":0,"sent":0,"rejected":0,"errorCount":0},"stats":{"processDirDiskFreeSpaceMB":144915.92,"rootDiskFreeSpaceMB":144915.73,"processHeapUsageMB":18.39,"processRssMB":25.25,"processMaxHeapMB":19.59,"systemFreeMemoryMB":173.57,"systemTotalMemoryMB":7530.81,"nCores":12,"processCpuUsage":0.71,"systemCpuLoad":0},"serviceStatus":{"websocket":"OK","logWriter":"OK","initLogWriter":"OK","statusLogWriter":"OK","agentActiveStat":"OK","iastRestClient":"OK"},"exitEventSentCount":0,"eventRejectionCount":0,"eventProcessingErrorCount":0,"eventSendRejectionCount":0,"eventSendErrorCount":0},{"jsonName":"LAhealthcheck","pid":19012,"applicationUUID":"ba85ac8e-2a74-4511-9e83-9ace1269928f","timestamp":1710913350353,"jsonVersion":"1.1.1","collectorType":"NODE","language":"JavaScript","framework":"","groupName":"IAST","policyVersion":"built-in","entityGuid":"NDM5NDM3M3xBUE18QVBQTElDQVRJT058NTI4NzMwMzAz","linkingMetadata":{"entity.name":"My NodeJS Application-A","entity.type":"SERVICE","hostname":"DESKTOP-6HCP5VQ","entity.guid":"NDM5NDM3M3xBUE18QVBQTElDQVRJT058NTI4NzMwMzAz","agentRunId":"BUnUUavbQTTDAEMNhR-DxKZl-mlUAAgBAAAnIQEAAEpEAgQfg8i_AwAHMTEuMTMuMAAPREVTS1RPUC02SENQNVZRABdNeSBOb2RlSlMgQXBwbGljYXRpb24tQQ"},"eventType":"sec_health_check_lc","protectedServer":"Node.js:20.11.1","eventDropCount":0,"eventProcessed":0,"eventSentCount":0,"httpRequestCount":0,"collectorVersion":"1.0.1","buildNumber":"1.0.1","iastEventStats":{"processed":0,"sent":0,"rejected":0,"errorCount":0},"raspEventStats":{"processed":0,"sent":0,"rejected":0,"errorCount":0},"exitEventStats":{"processed":0,"sent":0,"rejected":0,"errorCount":0},"stats":{"processDirDiskFreeSpaceMB":144989.13,"rootDiskFreeSpaceMB":144989.13,"processHeapUsageMB":17.7,"processRssMB":21.6,"processMaxHeapMB":19.59,"systemFreeMemoryMB":624.26,"systemTotalMemoryMB":7530.81,"nCores":12,"processCpuUsage":0.71,"systemCpuLoad":0},"serviceStatus":{"websocket":"OK","logWriter":"OK","initLogWriter":"OK","statusLogWriter":"OK","agentActiveStat":"OK","iastRestClient":"OK"},"exitEventSentCount":0,"eventRejectionCount":0,"eventProcessingErrorCount":0,"eventSendRejectionCount":0,"eventSendErrorCount":0},{"jsonName":"LAhealthcheck","pid":19012,"applicationUUID":"ba85ac8e-2a74-4511-9e83-9ace1269928f","timestamp":1710913650358,"jsonVersion":"1.1.1","collectorType":"NODE","language":"JavaScript","framework":"","groupName":"IAST","policyVersion":"built-in","entityGuid":"NDM5NDM3M3xBUE18QVBQTElDQVRJT058NTI4NzMwMzAz","linkingMetadata":{"entity.name":"My NodeJS Application-A","entity.type":"SERVICE","hostname":"DESKTOP-6HCP5VQ","entity.guid":"NDM5NDM3M3xBUE18QVBQTElDQVRJT058NTI4NzMwMzAz","agentRunId":"BUnUUavbQTTDAEMNhR-DxKZl-mlUAAgBAAAnIQEAAEpEAgQfg8i_AwAHMTEuMTMuMAAPREVTS1RPUC02SENQNVZRABdNeSBOb2RlSlMgQXBwbGljYXRpb24tQQ"},"eventType":"sec_health_check_lc","protectedServer":"Node.js:20.11.1","eventDropCount":0,"eventProcessed":0,"eventSentCount":0,"httpRequestCount":0,"collectorVersion":"1.0.1","buildNumber":"1.0.1","iastEventStats":{"processed":0,"sent":0,"rejected":0,"errorCount":0},"raspEventStats":{"processed":0,"sent":0,"rejected":0,"errorCount":0},"exitEventStats":{"processed":0,"sent":0,"rejected":0,"errorCount":0},"stats":{"processDirDiskFreeSpaceMB":144985.79,"rootDiskFreeSpaceMB":144985.91,"processHeapUsageMB":17.86,"processRssMB":22.74,"processMaxHeapMB":19.59,"systemFreeMemoryMB":1002.79,"systemTotalMemoryMB":7530.81,"nCores":12,"processCpuUsage":0.7,"systemCpuLoad":0},"serviceStatus":{"websocket":"OK","logWriter":"OK","initLogWriter":"OK","statusLogWriter":"OK","agentActiveStat":"OK","iastRestClient":"OK"},"exitEventSentCount":0,"eventRejectionCount":0,"eventProcessingErrorCount":0,"eventSendRejectionCount":0,"eventSendErrorCount":0},{"jsonName":"LAhealthcheck","pid":19012,"applicationUUID":"ba85ac8e-2a74-4511-9e83-9ace1269928f","timestamp":1710913950363,"jsonVersion":"1.1.1","collectorType":"NODE","language":"JavaScript","framework":"","groupName":"IAST","policyVersion":"built-in","entityGuid":"NDM5NDM3M3xBUE18QVBQTElDQVRJT058NTI4NzMwMzAz","linkingMetadata":{"entity.name":"My NodeJS Application-A","entity.type":"SERVICE","hostname":"DESKTOP-6HCP5VQ","entity.guid":"NDM5NDM3M3xBUE18QVBQTElDQVRJT058NTI4NzMwMzAz","agentRunId":"BUnUUavbQTTDAEMNhR-DxKZl-mlUAAgBAAAnIQEAAEpEAgQfg8i_AwAHMTEuMTMuMAAPREVTS1RPUC02SENQNVZRABdNeSBOb2RlSlMgQXBwbGljYXRpb24tQQ"},"eventType":"sec_health_check_lc","protectedServer":"Node.js:20.11.1","eventDropCount":0,"eventProcessed":0,"eventSentCount":0,"httpRequestCount":0,"collectorVersion":"1.0.1","buildNumber":"1.0.1","iastEventStats":{"processed":0,"sent":0,"rejected":0,"errorCount":0},"raspEventStats":{"processed":0,"sent":0,"rejected":0,"errorCount":0},"exitEventStats":{"processed":0,"sent":0,"rejected":0,"errorCount":0},"stats":{"processDirDiskFreeSpaceMB":144966.31,"rootDiskFreeSpaceMB":144966.33,"processHeapUsageMB":18.2,"processRssMB":23.05,"processMaxHeapMB":19.59,"systemFreeMemoryMB":923.94,"systemTotalMemoryMB":7530.81,"nCores":12,"processCpuUsage":0.7,"systemCpuLoad":0},"serviceStatus":{"websocket":"OK","logWriter":"OK","initLogWriter":"OK","statusLogWriter":"OK","agentActiveStat":"OK","iastRestClient":"OK"},"exitEventSentCount":0,"eventRejectionCount":0,"eventProcessingErrorCount":0,"eventSendRejectionCount":0,"eventSendErrorCount":0}] 
