Snapshot timestamp: : Tue Mar 19 2024 20:21:11 GMT-0700 (Pacific Daylight Time)
CSEC Agent start timestamp: Tue Mar 19 2024 00:03:59 GMT-0700 (Pacific Daylight Time) with application uuid:dab59849-ab1e-4817-b8d1-b86690807605
SEC_HOME: C:\Users\tony0\Desktop\node-hello-master
Agent location: C:\Users\tony0\Desktop\node-hello-master\node_modules\@newrelic\security-agent\
Using CSEC Agent for Node.js, Node version:v20.11.1, PID:8684
Process title: Administrator: Windows PowerShell
Process binary: C:\Program Files\nodejs\node.exe
Application location: C:\Users\tony0\Desktop\node-hello-master
Current working directory: C:\Users\tony0\Desktop\node-hello-master
Agent mode: IAST
Application server: Node.js
Application Framework: 
Websocket connection to Prevent Web: wss://csec.nr-data.net, Status: OK
Instrumentation successful:
Tracking loaded modules in the application:
Policy applied successfully. Policy version is: built-in
Started Health Check for Agent
Started Inbound and Outbound monitoring 

Process stats:
processDirDiskFreeSpaceMB: 143698.96
rootDiskFreeSpaceMB: 143698.93
processHeapUsageMB: 18.89
processRssMB: 54.77
processMaxHeapMB: 21.47
systemFreeMemoryMB: 610.36
systemTotalMemoryMB: 7530.81
nCores: 12
processCpuUsage: 0.7
systemCpuLoad: 0


Service stats:
websocket: OK
logWriter: OK
initLogWriter: OK
statusLogWriter: OK
agentActiveStat: OK
iastRestClient: OK


Last 5 errors: 
[]

Last 5 Health Checks are:
 [{"jsonName":"LAhealthcheck","pid":8684,"applicationUUID":"dab59849-ab1e-4817-b8d1-b86690807605","timestamp":1710904866050,"jsonVersion":"1.1.1","collectorType":"NODE","language":"JavaScript","framework":"","groupName":"IAST","policyVersion":"built-in","entityGuid":"NDM5NDM3M3xBUE18QVBQTElDQVRJT058NTkxMTUwMTAx","linkingMetadata":{"entity.name":"My NodeJS Application","entity.type":"SERVICE","hostname":"DESKTOP-6HCP5VQ","trace.id":"78cb6b6124db42633b27129c43034b5d","span.id":"1334b54d71bf5c90","entity.guid":"NDM5NDM3M3xBUE18QVBQTElDQVRJT058NTkxMTUwMTAx","agentRunId":"BQ1TIlD4o9LsAEMNhSLxdJtl-TkcAAgBAAAnIQEAACHsAgQjPDwVAwAHMTEuMTMuMAAPREVTS1RPUC02SENQNVZRABVNeSBOb2RlSlMgQXBwbGljYXRpb24"},"eventType":"sec_health_check_lc","protectedServer":"Node.js:20.11.1","eventDropCount":0,"eventProcessed":0,"eventSentCount":0,"httpRequestCount":0,"collectorVersion":"1.0.1","buildNumber":"1.0.1","iastEventStats":{"processed":0,"sent":0,"rejected":0,"errorCount":0},"raspEventStats":{"processed":0,"sent":0,"rejected":0,"errorCount":0},"exitEventStats":{"processed":0,"sent":0,"rejected":0,"errorCount":0},"stats":{"processDirDiskFreeSpaceMB":143698.96,"rootDiskFreeSpaceMB":143698.93,"processHeapUsageMB":18.89,"processRssMB":54.77,"processMaxHeapMB":21.47,"systemFreeMemoryMB":610.36,"systemTotalMemoryMB":7530.81,"nCores":12,"processCpuUsage":0.7,"systemCpuLoad":0},"serviceStatus":{"websocket":"OK","logWriter":"OK","initLogWriter":"OK","statusLogWriter":"OK","agentActiveStat":"OK","iastRestClient":"OK"},"exitEventSentCount":0,"eventRejectionCount":0,"eventProcessingErrorCount":0,"eventSendRejectionCount":0,"eventSendErrorCount":0},{"jsonName":"LAhealthcheck","pid":8684,"applicationUUID":"dab59849-ab1e-4817-b8d1-b86690807605","timestamp":1710833671158,"jsonVersion":"1.1.1","collectorType":"NODE","language":"JavaScript","framework":"","groupName":"IAST","policyVersion":"built-in","entityGuid":"NDM5NDM3M3xBUE18QVBQTElDQVRJT058NTkxMTUwMTAx","linkingMetadata":{"entity.name":"My NodeJS Application","entity.type":"SERVICE","hostname":"DESKTOP-6HCP5VQ","trace.id":"78cb6b6124db42633b27129c43034b5d","span.id":"1334b54d71bf5c90","entity.guid":"NDM5NDM3M3xBUE18QVBQTElDQVRJT058NTkxMTUwMTAx","agentRunId":"BQ1TIlD4o9LsAEMNhSLxdJtl-TkcAAgBAAAnIQEAACHsAgQjPDwVAwAHMTEuMTMuMAAPREVTS1RPUC02SENQNVZRABVNeSBOb2RlSlMgQXBwbGljYXRpb24"},"eventType":"sec_health_check_lc","protectedServer":"Node.js:20.11.1","eventDropCount":0,"eventProcessed":0,"eventSentCount":0,"httpRequestCount":0,"collectorVersion":"1.0.1","buildNumber":"1.0.1","iastEventStats":{"processed":0,"sent":0,"rejected":0,"errorCount":0},"raspEventStats":{"processed":0,"sent":0,"rejected":0,"errorCount":0},"exitEventStats":{"processed":0,"sent":0,"rejected":0,"errorCount":0},"stats":{"processDirDiskFreeSpaceMB":143722.14,"rootDiskFreeSpaceMB":143722.14,"processHeapUsageMB":19.08,"processRssMB":54.08,"processMaxHeapMB":20.22,"systemFreeMemoryMB":1495.13,"systemTotalMemoryMB":7530.81,"nCores":12,"processCpuUsage":0.71,"systemCpuLoad":0},"serviceStatus":{"websocket":"OK","logWriter":"OK","initLogWriter":"OK","statusLogWriter":"OK","agentActiveStat":"OK","iastRestClient":"OK"},"exitEventSentCount":0,"eventRejectionCount":0,"eventProcessingErrorCount":0,"eventSendRejectionCount":0,"eventSendErrorCount":0},{"jsonName":"LAhealthcheck","pid":8684,"applicationUUID":"dab59849-ab1e-4817-b8d1-b86690807605","timestamp":1710833971167,"jsonVersion":"1.1.1","collectorType":"NODE","language":"JavaScript","framework":"","groupName":"IAST","policyVersion":"built-in","entityGuid":"NDM5NDM3M3xBUE18QVBQTElDQVRJT058NTkxMTUwMTAx","linkingMetadata":{"entity.name":"My NodeJS Application","entity.type":"SERVICE","hostname":"DESKTOP-6HCP5VQ","trace.id":"78cb6b6124db42633b27129c43034b5d","span.id":"1334b54d71bf5c90","entity.guid":"NDM5NDM3M3xBUE18QVBQTElDQVRJT058NTkxMTUwMTAx","agentRunId":"BQ1TIlD4o9LsAEMNhSLxdJtl-TkcAAgBAAAnIQEAACHsAgQjPDwVAwAHMTEuMTMuMAAPREVTS1RPUC02SENQNVZRABVNeSBOb2RlSlMgQXBwbGljYXRpb24"},"eventType":"sec_health_check_lc","protectedServer":"Node.js:20.11.1","eventDropCount":0,"eventProcessed":0,"eventSentCount":0,"httpRequestCount":0,"collectorVersion":"1.0.1","buildNumber":"1.0.1","iastEventStats":{"processed":0,"sent":0,"rejected":0,"errorCount":0},"raspEventStats":{"processed":0,"sent":0,"rejected":0,"errorCount":0},"exitEventStats":{"processed":0,"sent":0,"rejected":0,"errorCount":0},"stats":{"processDirDiskFreeSpaceMB":143721.04,"rootDiskFreeSpaceMB":143721.03,"processHeapUsageMB":19.26,"processRssMB":54.21,"processMaxHeapMB":20.22,"systemFreeMemoryMB":1393.2,"systemTotalMemoryMB":7530.81,"nCores":12,"processCpuUsage":0.72,"systemCpuLoad":0},"serviceStatus":{"websocket":"OK","logWriter":"OK","initLogWriter":"OK","statusLogWriter":"OK","agentActiveStat":"OK","iastRestClient":"OK"},"exitEventSentCount":0,"eventRejectionCount":0,"eventProcessingErrorCount":0,"eventSendRejectionCount":0,"eventSendErrorCount":0},{"jsonName":"LAhealthcheck","pid":8684,"applicationUUID":"dab59849-ab1e-4817-b8d1-b86690807605","timestamp":1710834271174,"jsonVersion":"1.1.1","collectorType":"NODE","language":"JavaScript","framework":"","groupName":"IAST","policyVersion":"built-in","entityGuid":"NDM5NDM3M3xBUE18QVBQTElDQVRJT058NTkxMTUwMTAx","linkingMetadata":{"entity.name":"My NodeJS Application","entity.type":"SERVICE","hostname":"DESKTOP-6HCP5VQ","trace.id":"78cb6b6124db42633b27129c43034b5d","span.id":"1334b54d71bf5c90","entity.guid":"NDM5NDM3M3xBUE18QVBQTElDQVRJT058NTkxMTUwMTAx","agentRunId":"BQ1TIlD4o9LsAEMNhSLxdJtl-TkcAAgBAAAnIQEAACHsAgQjPDwVAwAHMTEuMTMuMAAPREVTS1RPUC02SENQNVZRABVNeSBOb2RlSlMgQXBwbGljYXRpb24"},"eventType":"sec_health_check_lc","protectedServer":"Node.js:20.11.1","eventDropCount":0,"eventProcessed":0,"eventSentCount":0,"httpRequestCount":0,"collectorVersion":"1.0.1","buildNumber":"1.0.1","iastEventStats":{"processed":0,"sent":0,"rejected":0,"errorCount":0},"raspEventStats":{"processed":0,"sent":0,"rejected":0,"errorCount":0},"exitEventStats":{"processed":0,"sent":0,"rejected":0,"errorCount":0},"stats":{"processDirDiskFreeSpaceMB":143719.79,"rootDiskFreeSpaceMB":143719.88,"processHeapUsageMB":19.52,"processRssMB":54.51,"processMaxHeapMB":20.47,"systemFreeMemoryMB":1452.63,"systemTotalMemoryMB":7530.81,"nCores":12,"processCpuUsage":0.72,"systemCpuLoad":0},"serviceStatus":{"websocket":"OK","logWriter":"OK","initLogWriter":"OK","statusLogWriter":"OK","agentActiveStat":"OK","iastRestClient":"OK"},"exitEventSentCount":0,"eventRejectionCount":0,"eventProcessingErrorCount":0,"eventSendRejectionCount":0,"eventSendErrorCount":0},{"jsonName":"LAhealthcheck","pid":8684,"applicationUUID":"dab59849-ab1e-4817-b8d1-b86690807605","timestamp":1710834571180,"jsonVersion":"1.1.1","collectorType":"NODE","language":"JavaScript","framework":"","groupName":"IAST","policyVersion":"built-in","entityGuid":"NDM5NDM3M3xBUE18QVBQTElDQVRJT058NTkxMTUwMTAx","linkingMetadata":{"entity.name":"My NodeJS Application","entity.type":"SERVICE","hostname":"DESKTOP-6HCP5VQ","trace.id":"78cb6b6124db42633b27129c43034b5d","span.id":"1334b54d71bf5c90","entity.guid":"NDM5NDM3M3xBUE18QVBQTElDQVRJT058NTkxMTUwMTAx","agentRunId":"BQ1TIlD4o9LsAEMNhSLxdJtl-TkcAAgBAAAnIQEAACHsAgQjPDwVAwAHMTEuMTMuMAAPREVTS1RPUC02SENQNVZRABVNeSBOb2RlSlMgQXBwbGljYXRpb24"},"eventType":"sec_health_check_lc","protectedServer":"Node.js:20.11.1","eventDropCount":0,"eventProcessed":0,"eventSentCount":0,"httpRequestCount":0,"collectorVersion":"1.0.1","buildNumber":"1.0.1","iastEventStats":{"processed":0,"sent":0,"rejected":0,"errorCount":0},"raspEventStats":{"processed":0,"sent":0,"rejected":0,"errorCount":0},"exitEventStats":{"processed":0,"sent":0,"rejected":0,"errorCount":0},"stats":{"processDirDiskFreeSpaceMB":143717.13,"rootDiskFreeSpaceMB":143717.24,"processHeapUsageMB":18.74,"processRssMB":53.68,"processMaxHeapMB":20.47,"systemFreeMemoryMB":1395.71,"systemTotalMemoryMB":7530.81,"nCores":12,"processCpuUsage":0.71,"systemCpuLoad":0},"serviceStatus":{"websocket":"OK","logWriter":"OK","initLogWriter":"OK","statusLogWriter":"OK","agentActiveStat":"OK","iastRestClient":"OK"},"exitEventSentCount":0,"eventRejectionCount":0,"eventProcessingErrorCount":0,"eventSendRejectionCount":0,"eventSendErrorCount":0}] 
